<?xml version="1.0" encoding="UTF-8"?>
<!-- Generated by org.testng.reporters.JUnitXMLReporter -->
<testsuite ignored="0" hostname="Bye-Bye" failures="0" tests="9" name="Default test" time="132.15" errors="0" timestamp="2024-04-09T10:37:08 IST">
  <testcase classname="com.qsp.trello.functional.FunctionalScenario" name="checkWhretherTheUserIsAbleToNavigateHelpPage" time="7.889"/>
  <testcase classname="com.qsp.trello.functional.FunctionalScenario" name="checkWhetherTheUserIsAbleToNavigateShortutsPage" time="5.471"/>
  <testcase classname="com.qsp.trello.functional.FunctionalScenario" name="checkWhetherTheUserIsAbleToNavigateProfilePage" time="5.462"/>
  <testcase classname="com.qsp.trello.functional.FunctionalScenario" name="checkWhetherTheUserIsAbleToNavigateCardsPage" time="5.198"/>
  <testcase classname="com.qsp.trello.functional.FunctionalScenario" name="checkWhetherTheUserIsAbleToNavigateActivityPage" time="5.102"/>
  <testcase classname="com.qsp.trello.functional.FunctionalScenario" name="checkWhetherTheUserIsAbleToNavigateSettingsPage" time="5.275"/>
  <testcase classname="com.qsp.trello.functional.FunctionalScenario" name="checkWhetherTheUserIsAbleToNavigatePricingPage" time="6.429"/>
  <testcase classname="com.qsp.trello.functional.FunctionalScenario" name="checkWhetherTheUserIsAbleToNavigateAppsPage" time="6.162"/>
  <testcase classname="com.qsp.trello.functional.FunctionalScenario" name="checkWhetherTheUserIsAbleToNavigateBlogPage" time="9.735"/>
</testsuite> <!-- Default test -->
