<?xml version="1.0" encoding="UTF-8"?>
<!-- Generated by org.testng.reporters.JUnitXMLReporter -->
<testsuite ignored="0" hostname="Bye-Bye" failures="1" tests="9" name="Test" time="88.863" errors="0" timestamp="2024-04-10T15:29:48 IST">
  <testcase classname="com.qsp.trello.genericutility.BaseClass" name="@AfterMethod logout" time="0.014">
    <failure type="org.openqa.selenium.WebDriverException" message="disconnected: not connected to DevTools
  (failed to check if window was closed: disconnected: not connected to DevTools)
  (Session info: chrome=123.0.6312.106)
Build info: version: &amp;apos;4.16.1&amp;apos;, revision: &amp;apos;9b4c83354e&amp;apos;
System info: os.name: &amp;apos;Windows 10&amp;apos;, os.arch: &amp;apos;amd64&amp;apos;, os.version: &amp;apos;10.0&amp;apos;, java.version: &amp;apos;17.0.9&amp;apos;
Driver info: org.openqa.selenium.chrome.ChromeDriver
Command: [1261fd9ce8245a8c453e745d19a9715d, findElement {using=xpath, value=//span[contains(@title,&amp;apos;Mugilan&amp;apos;)]}]
Capabilities {acceptInsecureCerts: false, browserName: chrome, browserVersion: 123.0.6312.106, chrome: {chromedriverVersion: 123.0.6312.105 (399174dbe6e..., userDataDir: C:\Users\Mugilan\AppData\Lo...}, fedcm:accounts: true, goog:chromeOptions: {debuggerAddress: localhost:49414}, networkConnectionEnabled: false, pageLoadStrategy: normal, platformName: windows, proxy: Proxy(), se:cdp: ws://localhost:49414/devtoo..., se:cdpVersion: 123.0.6312.106, setWindowRect: true, strictFileInteractability: false, timeouts: {implicit: 0, pageLoad: 300000, script: 30000}, unhandledPromptBehavior: dismiss and notify, webauthn:extension:credBlob: true, webauthn:extension:largeBlob: true, webauthn:extension:minPinLength: true, webauthn:extension:prf: true, webauthn:virtualAuthenticators: true}
Session ID: 1261fd9ce8245a8c453e745d19a9715d">
      <![CDATA[org.openqa.selenium.WebDriverException: disconnected: not connected to DevTools
  (failed to check if window was closed: disconnected: not connected to DevTools)
  (Session info: chrome=123.0.6312.106)
Build info: version: '4.16.1', revision: '9b4c83354e'
System info: os.name: 'Windows 10', os.arch: 'amd64', os.version: '10.0', java.version: '17.0.9'
Driver info: org.openqa.selenium.chrome.ChromeDriver
Command: [1261fd9ce8245a8c453e745d19a9715d, findElement {using=xpath, value=//span[contains(@title,'Mugilan')]}]
Capabilities {acceptInsecureCerts: false, browserName: chrome, browserVersion: 123.0.6312.106, chrome: {chromedriverVersion: 123.0.6312.105 (399174dbe6e..., userDataDir: C:\Users\Mugilan\AppData\Lo...}, fedcm:accounts: true, goog:chromeOptions: {debuggerAddress: localhost:49414}, networkConnectionEnabled: false, pageLoadStrategy: normal, platformName: windows, proxy: Proxy(), se:cdp: ws://localhost:49414/devtoo..., se:cdpVersion: 123.0.6312.106, setWindowRect: true, strictFileInteractability: false, timeouts: {implicit: 0, pageLoad: 300000, script: 30000}, unhandledPromptBehavior: dismiss and notify, webauthn:extension:credBlob: true, webauthn:extension:largeBlob: true, webauthn:extension:minPinLength: true, webauthn:extension:prf: true, webauthn:virtualAuthenticators: true}
Session ID: 1261fd9ce8245a8c453e745d19a9715d
at org.openqa.selenium.remote.codec.w3c.W3CHttpResponseCodec.createException(W3CHttpResponseCodec.java:200)
at org.openqa.selenium.remote.codec.w3c.W3CHttpResponseCodec.decode(W3CHttpResponseCodec.java:133)
at org.openqa.selenium.remote.codec.w3c.W3CHttpResponseCodec.decode(W3CHttpResponseCodec.java:52)
at org.openqa.selenium.remote.HttpCommandExecutor.execute(HttpCommandExecutor.java:191)
at org.openqa.selenium.remote.service.DriverCommandExecutor.invokeExecute(DriverCommandExecutor.java:200)
at org.openqa.selenium.remote.service.DriverCommandExecutor.execute(DriverCommandExecutor.java:175)
at org.openqa.selenium.remote.RemoteWebDriver.execute(RemoteWebDriver.java:523)
at org.openqa.selenium.remote.ElementLocation$ElementFinder$2.findElement(ElementLocation.java:165)
at org.openqa.selenium.remote.ElementLocation.findElement(ElementLocation.java:59)
at org.openqa.selenium.remote.RemoteWebDriver.findElement(RemoteWebDriver.java:360)
at org.openqa.selenium.remote.RemoteWebDriver.findElement(RemoteWebDriver.java:354)
at org.openqa.selenium.support.pagefactory.DefaultElementLocator.findElement(DefaultElementLocator.java:68)
at org.openqa.selenium.support.pagefactory.internal.LocatingElementHandler.invoke(LocatingElementHandler.java:38)
at jdk.proxy2/jdk.proxy2.$Proxy15.click(Unknown Source)
at com.qsp.trello.genericutility.BaseClass.logout(BaseClass.java:65)
at java.base/java.util.ArrayList.forEach(ArrayList.java:1511)
at java.base/java.util.concurrent.FutureTask.run(FutureTask.java:264)
at java.base/java.util.concurrent.ThreadPoolExecutor.runWorker(ThreadPoolExecutor.java:1136)
at java.base/java.util.concurrent.ThreadPoolExecutor$Worker.run(ThreadPoolExecutor.java:635)
at java.base/java.lang.Thread.run(Thread.java:842)
... Removed 28 stack frames]]>
    </failure>
  </testcase> <!-- @AfterMethod logout -->
  <testcase classname="com.qsp.trello.genericutility.BaseClass" name="@BeforeMethod login" time="-1.712743188594E9">
    <skipped/>
  </testcase> <!-- @BeforeMethod login -->
  <testcase classname="com.qsp.trello.genericutility.BaseClass" name="@AfterMethod logout" time="-1.71274318861E9">
    <skipped/>
  </testcase> <!-- @AfterMethod logout -->
  <testcase classname="com.qsp.trello.genericutility.BaseClass" name="@BeforeMethod login" time="-1.712743188615E9">
    <skipped/>
  </testcase> <!-- @BeforeMethod login -->
  <testcase classname="com.qsp.trello.genericutility.BaseClass" name="@AfterMethod logout" time="-1.71274318863E9">
    <skipped/>
  </testcase> <!-- @AfterMethod logout -->
  <testcase classname="com.qsp.trello.genericutility.BaseClass" name="@BeforeMethod login" time="-1.712743188633E9">
    <skipped/>
  </testcase> <!-- @BeforeMethod login -->
  <testcase classname="com.qsp.trello.genericutility.BaseClass" name="@AfterMethod logout" time="-1.712743188641E9">
    <skipped/>
  </testcase> <!-- @AfterMethod logout -->
  <testcase classname="com.qsp.trello.genericutility.BaseClass" name="@BeforeMethod login" time="-1.712743188644E9">
    <skipped/>
  </testcase> <!-- @BeforeMethod login -->
  <testcase classname="com.qsp.trello.genericutility.BaseClass" name="@AfterMethod logout" time="-1.712743188661E9">
    <skipped/>
  </testcase> <!-- @AfterMethod logout -->
  <testcase classname="com.qsp.trello.genericutility.BaseClass" name="@BeforeMethod login" time="-1.712743188666E9">
    <skipped/>
  </testcase> <!-- @BeforeMethod login -->
  <testcase classname="com.qsp.trello.genericutility.BaseClass" name="@AfterMethod logout" time="-1.712743188683E9">
    <skipped/>
  </testcase> <!-- @AfterMethod logout -->
  <testcase classname="com.qsp.trello.genericutility.BaseClass" name="@AfterClass postCondition" time="-1.712743188687E9">
    <skipped/>
  </testcase> <!-- @AfterClass postCondition -->
  <testcase classname="com.qsp.trello.functional.FunctionalScenario" name="checkWhretherTheUserIsAbleToNavigateHelpPage" time="29.156"/>
  <testcase classname="com.qsp.trello.functional.FunctionalScenario" name="checkWhetherTheUserIsAbleToNavigateShortutsPage" time="6.256"/>
  <testcase classname="com.qsp.trello.functional.FunctionalScenario" name="checkWhetherTheUserIsAbleToNavigateProfilePage" time="9.739"/>
  <testcase classname="com.qsp.trello.functional.FunctionalScenario" name="checkWhetherTheUserIsAbleToNavigateCardsPage" time="2.592">
    <failure type="org.openqa.selenium.WebDriverException" message="target frame detached
  (failed to check if window was closed: disconnected: not connected to DevTools)
  (Session info: chrome=123.0.6312.106)
Build info: version: &amp;apos;4.16.1&amp;apos;, revision: &amp;apos;9b4c83354e&amp;apos;
System info: os.name: &amp;apos;Windows 10&amp;apos;, os.arch: &amp;apos;amd64&amp;apos;, os.version: &amp;apos;10.0&amp;apos;, java.version: &amp;apos;17.0.9&amp;apos;
Driver info: org.openqa.selenium.chrome.ChromeDriver
Command: [1261fd9ce8245a8c453e745d19a9715d, findElement {using=xpath, value=//span[contains(@title,&amp;apos;Mugilan&amp;apos;)]}]
Capabilities {acceptInsecureCerts: false, browserName: chrome, browserVersion: 123.0.6312.106, chrome: {chromedriverVersion: 123.0.6312.105 (399174dbe6e..., userDataDir: C:\Users\Mugilan\AppData\Lo...}, fedcm:accounts: true, goog:chromeOptions: {debuggerAddress: localhost:49414}, networkConnectionEnabled: false, pageLoadStrategy: normal, platformName: windows, proxy: Proxy(), se:cdp: ws://localhost:49414/devtoo..., se:cdpVersion: 123.0.6312.106, setWindowRect: true, strictFileInteractability: false, timeouts: {implicit: 0, pageLoad: 300000, script: 30000}, unhandledPromptBehavior: dismiss and notify, webauthn:extension:credBlob: true, webauthn:extension:largeBlob: true, webauthn:extension:minPinLength: true, webauthn:extension:prf: true, webauthn:virtualAuthenticators: true}
Session ID: 1261fd9ce8245a8c453e745d19a9715d">
      <![CDATA[org.openqa.selenium.WebDriverException: target frame detached
  (failed to check if window was closed: disconnected: not connected to DevTools)
  (Session info: chrome=123.0.6312.106)
Build info: version: '4.16.1', revision: '9b4c83354e'
System info: os.name: 'Windows 10', os.arch: 'amd64', os.version: '10.0', java.version: '17.0.9'
Driver info: org.openqa.selenium.chrome.ChromeDriver
Command: [1261fd9ce8245a8c453e745d19a9715d, findElement {using=xpath, value=//span[contains(@title,'Mugilan')]}]
Capabilities {acceptInsecureCerts: false, browserName: chrome, browserVersion: 123.0.6312.106, chrome: {chromedriverVersion: 123.0.6312.105 (399174dbe6e..., userDataDir: C:\Users\Mugilan\AppData\Lo...}, fedcm:accounts: true, goog:chromeOptions: {debuggerAddress: localhost:49414}, networkConnectionEnabled: false, pageLoadStrategy: normal, platformName: windows, proxy: Proxy(), se:cdp: ws://localhost:49414/devtoo..., se:cdpVersion: 123.0.6312.106, setWindowRect: true, strictFileInteractability: false, timeouts: {implicit: 0, pageLoad: 300000, script: 30000}, unhandledPromptBehavior: dismiss and notify, webauthn:extension:credBlob: true, webauthn:extension:largeBlob: true, webauthn:extension:minPinLength: true, webauthn:extension:prf: true, webauthn:virtualAuthenticators: true}
Session ID: 1261fd9ce8245a8c453e745d19a9715d
at org.openqa.selenium.remote.codec.w3c.W3CHttpResponseCodec.createException(W3CHttpResponseCodec.java:200)
at org.openqa.selenium.remote.codec.w3c.W3CHttpResponseCodec.decode(W3CHttpResponseCodec.java:133)
at org.openqa.selenium.remote.codec.w3c.W3CHttpResponseCodec.decode(W3CHttpResponseCodec.java:52)
at org.openqa.selenium.remote.HttpCommandExecutor.execute(HttpCommandExecutor.java:191)
at org.openqa.selenium.remote.service.DriverCommandExecutor.invokeExecute(DriverCommandExecutor.java:200)
at org.openqa.selenium.remote.service.DriverCommandExecutor.execute(DriverCommandExecutor.java:175)
at org.openqa.selenium.remote.RemoteWebDriver.execute(RemoteWebDriver.java:523)
at org.openqa.selenium.remote.ElementLocation$ElementFinder$2.findElement(ElementLocation.java:165)
at org.openqa.selenium.remote.ElementLocation.findElement(ElementLocation.java:59)
at org.openqa.selenium.remote.RemoteWebDriver.findElement(RemoteWebDriver.java:360)
at org.openqa.selenium.remote.RemoteWebDriver.findElement(RemoteWebDriver.java:354)
at org.openqa.selenium.support.pagefactory.DefaultElementLocator.findElement(DefaultElementLocator.java:68)
at org.openqa.selenium.support.pagefactory.internal.LocatingElementHandler.invoke(LocatingElementHandler.java:38)
at jdk.proxy2/jdk.proxy2.$Proxy15.click(Unknown Source)
at com.qsp.trello.functional.FunctionalScenario.checkWhetherTheUserIsAbleToNavigateCardsPage(FunctionalScenario.java:65)
at java.base/java.util.ArrayList.forEach(ArrayList.java:1511)
at java.base/java.util.concurrent.FutureTask.run(FutureTask.java:264)
at java.base/java.util.concurrent.ThreadPoolExecutor.runWorker(ThreadPoolExecutor.java:1136)
at java.base/java.util.concurrent.ThreadPoolExecutor$Worker.run(ThreadPoolExecutor.java:635)
at java.base/java.lang.Thread.run(Thread.java:842)
... Removed 23 stack frames]]>
    </failure>
  </testcase> <!-- checkWhetherTheUserIsAbleToNavigateCardsPage -->
  <testcase classname="com.qsp.trello.functional.FunctionalScenario" name="checkWhetherTheUserIsAbleToNavigateActivityPage" time="0.0">
    <skipped/>
  </testcase> <!-- checkWhetherTheUserIsAbleToNavigateActivityPage -->
  <testcase classname="com.qsp.trello.functional.FunctionalScenario" name="checkWhetherTheUserIsAbleToNavigateSettingsPage" time="0.0">
    <skipped/>
  </testcase> <!-- checkWhetherTheUserIsAbleToNavigateSettingsPage -->
  <testcase classname="com.qsp.trello.functional.FunctionalScenario" name="checkWhetherTheUserIsAbleToNavigatePricingPage" time="0.0">
    <skipped/>
  </testcase> <!-- checkWhetherTheUserIsAbleToNavigatePricingPage -->
  <testcase classname="com.qsp.trello.functional.FunctionalScenario" name="checkWhetherTheUserIsAbleToNavigateAppsPage" time="0.0">
    <skipped/>
  </testcase> <!-- checkWhetherTheUserIsAbleToNavigateAppsPage -->
  <testcase classname="com.qsp.trello.functional.FunctionalScenario" name="checkWhetherTheUserIsAbleToNavigateBlogPage" time="0.0">
    <skipped/>
  </testcase> <!-- checkWhetherTheUserIsAbleToNavigateBlogPage -->
</testsuite> <!-- Test -->
