<?xml version="1.0" encoding="UTF-8"?>
<!-- Generated by org.testng.reporters.JUnitXMLReporter -->
<testsuite ignored="0" hostname="Mugilan" failures="0" tests="4" name="Test2" time="130.251" errors="0" timestamp="2024-02-09T21:38:49 IST">
  <testcase classname="batchexecution.TrelloLogoutPage" name="LogoutPageTitle" time="40.862"/>
  <testcase classname="batchexecution.HomePageVerify" name="homePageVerify" time="33.827"/>
  <testcase classname="batchexecution.TrelloLogin" name="loginPagePrint" time="11.385"/>
  <testcase classname="batchexecution.TrelloLogin" name="logoutPageTitle" time="18.857"/>
</testsuite> <!-- Test2 -->
