<?xml version="1.0" encoding="UTF-8"?>
<!-- Generated by org.testng.reporters.JUnitXMLReporter -->
<testsuite ignored="0" hostname="Mugilan" failures="0" tests="4" name="Test1" time="124.706" errors="0" timestamp="2024-02-09T21:38:44 IST">
  <testcase classname="batchexecution.TrelloLogoutPage" name="LogoutPageTitle" time="43.355"/>
  <testcase classname="batchexecution.HomePageVerify" name="homePageVerify" time="33.436"/>
  <testcase classname="batchexecution.TrelloLogin" name="loginPagePrint" time="10.707"/>
  <testcase classname="batchexecution.TrelloLogin" name="logoutPageTitle" time="14.765"/>
</testsuite> <!-- Test1 -->
